<?xml version="1.0" encoding="UTF-8"?>
<!-- Generated by org.testng.reporters.JUnitReportReporter -->
<testsuite skipped="0" hostname="DESKTOP-MCPFM27" name="testcases.TC_001" tests="1" failures="0" timestamp="29 Oct 2017 04:40:26 GMT" time="8.010" errors="0">
  <testcase name="testcase1" time="8.010" classname="testcases.TC_001"/>
</testsuite> <!-- testcases.TC_001 -->
